<?xml version="1.0" encoding="UTF-8"?>
<!-- Generated by org.testng.reporters.JUnitReportReporter -->
<testsuite hostname="HP-PC" name="TestNG.DataPro" tests="2" failures="0" timestamp="17 Sep 2019 10:23:40 GMT" time="0.016" errors="0">
  <testcase name="f" time="0.000" classname="TestNG.DataPro"/>
  <testcase name="f" time="0.016" classname="TestNG.DataPro"/>
</testsuite> <!-- TestNG.DataPro -->
