<?xml version="1.0" encoding="UTF-8"?>
<!-- Generated by org.testng.reporters.JUnitReportReporter -->
<testsuite hostname="HP-PC" name="TestNG.VamsiConnectDemo" tests="1" failures="0" timestamp="18 Sep 2019 08:34:21 GMT" time="2.164" errors="0">
  <testcase name="login" time="2.164" classname="TestNG.VamsiConnectDemo"/>
</testsuite> <!-- TestNG.VamsiConnectDemo -->
