<?xml version="1.0" encoding="UTF-8"?>
<!-- Generated by org.testng.reporters.JUnitReportReporter -->
<testsuite hostname="HP-PC" name="TestNG.RedTestMail" tests="1" failures="0" timestamp="1 Oct 2019 08:25:52 GMT" time="30.819" errors="0">
  <testcase name="login" time="30.819" classname="TestNG.RedTestMail"/>
</testsuite> <!-- TestNG.RedTestMail -->
