<?xml version="1.0" encoding="UTF-8"?>
<!-- Generated by org.testng.reporters.JUnitReportReporter -->
<testsuite hostname="HP-PC" name="TestNG.DemoTesrNG" tests="1" failures="0" timestamp="1 Oct 2019 08:21:05 GMT" time="2.170" errors="0">
  <testcase name="login" time="2.170" classname="TestNG.DemoTesrNG"/>
</testsuite> <!-- TestNG.DemoTesrNG -->
